2020-07-31 12:14:10.770 [main] DEBUG com.wong.o2oboot.O2obootApplication - Running with Spring Boot v2.1.6.RELEASE, Spring v5.1.8.RELEASE
2020-07-31 12:15:38.546 [http-nio-8080-exec-1] DEBUG c.w.o.dao.LocalAuthDao.queryLocalByNameAndPass - ==>  Preparing: SELECT l.local_auth_id, l.username, l.password, l.create_time, l.last_edit_time, p.user_id, p.name, p.gender, p.email, p.profile_img, p.user_type, p.create_time, p.last_edit_time, p.enable_status FROM tb_local_auth l LEFT JOIN tb_person_info p ON l.user_id = p.user_id WHERE l.username = ? AND l.password = ?
2020-07-31 12:15:38.578 [http-nio-8080-exec-1] DEBUG c.w.o.dao.LocalAuthDao.queryLocalByNameAndPass - ==> Parameters: JackMaYa(String), yesbq55y2205l9sb2ls5ey25l5eq629q(String)
2020-07-31 12:15:38.616 [http-nio-8080-exec-1] DEBUG c.w.o.dao.LocalAuthDao.queryLocalByNameAndPass - <==      Total: 1
2020-07-31 12:15:38.840 [http-nio-8080-exec-3] DEBUG com.wong.o2oboot.dao.ShopDao.queryShopList - ==>  Preparing: select s.shop_id, s.shop_name, s.shop_desc, s.shop_addr, s.phone, s.shop_img, s.priority, s.create_time, s.last_edit_time, s.enable_status, s.advice, a.area_id, a.area_name, sc.shop_category_id, sc.shop_category_name from tb_shop s, tb_area a, tb_shop_category sc WHERE s.owner_id = ? and s.area_id=a.area_id and s.shop_category_id = sc.shop_category_id order by s.priority desc limit ?,?;
2020-07-31 12:15:38.841 [http-nio-8080-exec-3] DEBUG com.wong.o2oboot.dao.ShopDao.queryShopList - ==> Parameters: 2(Long), 0(Integer), 100(Integer)
2020-07-31 12:15:38.865 [http-nio-8080-exec-3] DEBUG com.wong.o2oboot.dao.ShopDao.queryShopList - <==      Total: 8
2020-07-31 12:15:38.866 [http-nio-8080-exec-3] DEBUG com.wong.o2oboot.dao.ShopDao.queryShopCount - ==>  Preparing: select count(1) from tb_shop s, tb_area a, tb_shop_category sc WHERE s.owner_id = ? and s.area_id=a.area_id and s.shop_category_id = sc.shop_category_id
2020-07-31 12:15:38.867 [http-nio-8080-exec-3] DEBUG com.wong.o2oboot.dao.ShopDao.queryShopCount - ==> Parameters: 2(Long)
2020-07-31 12:15:38.881 [http-nio-8080-exec-3] DEBUG com.wong.o2oboot.dao.ShopDao.queryShopCount - <==      Total: 1
2020-07-31 12:15:42.651 [http-nio-8080-exec-4] DEBUG c.w.o.d.S.queryShopAuthMapListByShopId - ==>  Preparing: SELECT smap.shop_auth_id, smap.title, smap.title_flag, smap.create_time, smap.last_edit_time, smap.enable_status, p.user_id, p.name, s.shop_id, s.shop_name FROM tb_shop_auth_map smap, tb_person_info p, tb_shop s WHERE smap.employee_id = p.user_id AND smap.shop_id = s.shop_id AND smap.shop_id = ? LIMIT ?,?;
2020-07-31 12:15:42.651 [http-nio-8080-exec-4] DEBUG c.w.o.d.S.queryShopAuthMapListByShopId - ==> Parameters: 34(Long), 0(Integer), 99(Integer)
2020-07-31 12:15:42.671 [http-nio-8080-exec-4] DEBUG c.w.o.d.S.queryShopAuthMapListByShopId - <==      Total: 2
2020-07-31 12:15:42.671 [http-nio-8080-exec-4] DEBUG c.w.o.d.ShopAuthMapDao.queryShopAuthCountByShopId - ==>  Preparing: SELECT count(1) FROM tb_shop_auth_map smap, tb_person_info p, tb_shop s WHERE smap.employee_id = p.user_id AND smap.shop_id = s.shop_id AND smap.shop_id = ?
2020-07-31 12:15:42.671 [http-nio-8080-exec-4] DEBUG c.w.o.d.ShopAuthMapDao.queryShopAuthCountByShopId - ==> Parameters: 34(Long)
2020-07-31 12:15:42.685 [http-nio-8080-exec-4] DEBUG c.w.o.d.ShopAuthMapDao.queryShopAuthCountByShopId - <==      Total: 1
2020-07-31 12:15:45.895 [http-nio-8080-exec-8] DEBUG c.w.o.dao.ShopAuthMapDao.queryShopAuthMapById - ==>  Preparing: SELECT smap.shop_auth_id, smap.title, smap.title_flag, smap.create_time, smap.last_edit_time, smap.enable_status, p.user_id, p.name, s.shop_id, s.shop_name FROM tb_shop_auth_map smap, tb_person_info p, tb_shop s WHERE smap.employee_id = p.user_id AND smap.shop_id = s.shop_id AND smap.shop_auth_id = ?;
2020-07-31 12:15:45.895 [http-nio-8080-exec-8] DEBUG c.w.o.dao.ShopAuthMapDao.queryShopAuthMapById - ==> Parameters: 8(Long)
2020-07-31 12:15:45.913 [http-nio-8080-exec-8] DEBUG c.w.o.dao.ShopAuthMapDao.queryShopAuthMapById - <==      Total: 1
2020-07-31 12:15:55.410 [http-nio-8080-exec-7] DEBUG c.w.o.dao.ShopAuthMapDao.queryShopAuthMapById - ==>  Preparing: SELECT smap.shop_auth_id, smap.title, smap.title_flag, smap.create_time, smap.last_edit_time, smap.enable_status, p.user_id, p.name, s.shop_id, s.shop_name FROM tb_shop_auth_map smap, tb_person_info p, tb_shop s WHERE smap.employee_id = p.user_id AND smap.shop_id = s.shop_id AND smap.shop_auth_id = ?;
2020-07-31 12:15:55.410 [http-nio-8080-exec-7] DEBUG c.w.o.dao.ShopAuthMapDao.queryShopAuthMapById - ==> Parameters: 8(Long)
2020-07-31 12:15:55.437 [http-nio-8080-exec-7] DEBUG c.w.o.dao.ShopAuthMapDao.queryShopAuthMapById - <==      Total: 1
2020-07-31 12:15:55.474 [http-nio-8080-exec-7] DEBUG c.w.o2oboot.dao.ShopAuthMapDao.updateShopAuthMap - ==>  Preparing: UPDATE tb_shop_auth_map SET title=?, last_edit_time=? WHERE shop_auth_id=?
2020-07-31 12:15:55.475 [http-nio-8080-exec-7] DEBUG c.w.o2oboot.dao.ShopAuthMapDao.updateShopAuthMap - ==> Parameters: 小儿(String), 2020-07-31 12:15:55.471(Timestamp), 8(Long)
2020-07-31 12:15:55.508 [http-nio-8080-exec-7] DEBUG c.w.o2oboot.dao.ShopAuthMapDao.updateShopAuthMap - <==    Updates: 1
2020-07-31 12:15:56.907 [http-nio-8080-exec-9] DEBUG c.w.o.d.S.queryShopAuthMapListByShopId - ==>  Preparing: SELECT smap.shop_auth_id, smap.title, smap.title_flag, smap.create_time, smap.last_edit_time, smap.enable_status, p.user_id, p.name, s.shop_id, s.shop_name FROM tb_shop_auth_map smap, tb_person_info p, tb_shop s WHERE smap.employee_id = p.user_id AND smap.shop_id = s.shop_id AND smap.shop_id = ? LIMIT ?,?;
2020-07-31 12:15:56.907 [http-nio-8080-exec-9] DEBUG c.w.o.d.S.queryShopAuthMapListByShopId - ==> Parameters: 34(Long), 0(Integer), 99(Integer)
2020-07-31 12:15:56.929 [http-nio-8080-exec-9] DEBUG c.w.o.d.S.queryShopAuthMapListByShopId - <==      Total: 2
2020-07-31 12:15:56.929 [http-nio-8080-exec-9] DEBUG c.w.o.d.ShopAuthMapDao.queryShopAuthCountByShopId - ==>  Preparing: SELECT count(1) FROM tb_shop_auth_map smap, tb_person_info p, tb_shop s WHERE smap.employee_id = p.user_id AND smap.shop_id = s.shop_id AND smap.shop_id = ?
2020-07-31 12:15:56.929 [http-nio-8080-exec-9] DEBUG c.w.o.d.ShopAuthMapDao.queryShopAuthCountByShopId - ==> Parameters: 34(Long)
2020-07-31 12:15:56.945 [http-nio-8080-exec-9] DEBUG c.w.o.d.ShopAuthMapDao.queryShopAuthCountByShopId - <==      Total: 1
2020-07-31 12:16:03.548 [http-nio-8080-exec-10] DEBUG c.w.o.dao.ShopAuthMapDao.queryShopAuthMapById - ==>  Preparing: SELECT smap.shop_auth_id, smap.title, smap.title_flag, smap.create_time, smap.last_edit_time, smap.enable_status, p.user_id, p.name, s.shop_id, s.shop_name FROM tb_shop_auth_map smap, tb_person_info p, tb_shop s WHERE smap.employee_id = p.user_id AND smap.shop_id = s.shop_id AND smap.shop_auth_id = ?;
2020-07-31 12:16:03.549 [http-nio-8080-exec-10] DEBUG c.w.o.dao.ShopAuthMapDao.queryShopAuthMapById - ==> Parameters: 8(Long)
2020-07-31 12:16:03.572 [http-nio-8080-exec-10] DEBUG c.w.o.dao.ShopAuthMapDao.queryShopAuthMapById - <==      Total: 1
2020-07-31 12:16:06.922 [http-nio-8080-exec-1] DEBUG c.w.o.dao.ShopAuthMapDao.queryShopAuthMapById - ==>  Preparing: SELECT smap.shop_auth_id, smap.title, smap.title_flag, smap.create_time, smap.last_edit_time, smap.enable_status, p.user_id, p.name, s.shop_id, s.shop_name FROM tb_shop_auth_map smap, tb_person_info p, tb_shop s WHERE smap.employee_id = p.user_id AND smap.shop_id = s.shop_id AND smap.shop_auth_id = ?;
2020-07-31 12:16:06.922 [http-nio-8080-exec-1] DEBUG c.w.o.dao.ShopAuthMapDao.queryShopAuthMapById - ==> Parameters: 8(Long)
2020-07-31 12:16:06.942 [http-nio-8080-exec-1] DEBUG c.w.o.dao.ShopAuthMapDao.queryShopAuthMapById - <==      Total: 1
2020-07-31 12:16:06.958 [http-nio-8080-exec-1] DEBUG c.w.o2oboot.dao.ShopAuthMapDao.updateShopAuthMap - ==>  Preparing: UPDATE tb_shop_auth_map SET title=?, last_edit_time=? WHERE shop_auth_id=?
2020-07-31 12:16:06.959 [http-nio-8080-exec-1] DEBUG c.w.o2oboot.dao.ShopAuthMapDao.updateShopAuthMap - ==> Parameters: 小二(String), 2020-07-31 12:16:06.957(Timestamp), 8(Long)
2020-07-31 12:16:06.995 [http-nio-8080-exec-1] DEBUG c.w.o2oboot.dao.ShopAuthMapDao.updateShopAuthMap - <==    Updates: 1
2020-07-31 12:16:07.903 [http-nio-8080-exec-5] DEBUG c.w.o.d.S.queryShopAuthMapListByShopId - ==>  Preparing: SELECT smap.shop_auth_id, smap.title, smap.title_flag, smap.create_time, smap.last_edit_time, smap.enable_status, p.user_id, p.name, s.shop_id, s.shop_name FROM tb_shop_auth_map smap, tb_person_info p, tb_shop s WHERE smap.employee_id = p.user_id AND smap.shop_id = s.shop_id AND smap.shop_id = ? LIMIT ?,?;
2020-07-31 12:16:07.904 [http-nio-8080-exec-5] DEBUG c.w.o.d.S.queryShopAuthMapListByShopId - ==> Parameters: 34(Long), 0(Integer), 99(Integer)
2020-07-31 12:16:07.928 [http-nio-8080-exec-5] DEBUG c.w.o.d.S.queryShopAuthMapListByShopId - <==      Total: 2
2020-07-31 12:16:07.929 [http-nio-8080-exec-5] DEBUG c.w.o.d.ShopAuthMapDao.queryShopAuthCountByShopId - ==>  Preparing: SELECT count(1) FROM tb_shop_auth_map smap, tb_person_info p, tb_shop s WHERE smap.employee_id = p.user_id AND smap.shop_id = s.shop_id AND smap.shop_id = ?
2020-07-31 12:16:07.929 [http-nio-8080-exec-5] DEBUG c.w.o.d.ShopAuthMapDao.queryShopAuthCountByShopId - ==> Parameters: 34(Long)
2020-07-31 12:16:07.944 [http-nio-8080-exec-5] DEBUG c.w.o.d.ShopAuthMapDao.queryShopAuthCountByShopId - <==      Total: 1
2020-07-31 16:18:53.042 [main] DEBUG com.wong.o2oboot.util.wechat.WechatUtil - appId:wxd76120c84ce40803
2020-07-31 16:18:53.047 [main] DEBUG com.wong.o2oboot.util.wechat.WechatUtil - secret:274832ede0b9cce3625cf404b99ec668
2020-07-31 16:18:53.047 [main] DEBUG com.wong.o2oboot.util.wechat.WechatUtil - request_url: https://api.weixin.qq.com/cgi-bin/token?grant_type=client_credential&appid=wxd76120c84ce40803&secret=274832ede0b9cce3625cf404b99ec668
2020-07-31 16:18:54.380 [main] DEBUG com.wong.o2oboot.util.wechat.WechatUtil - https buffer:{"errcode":40013,"errmsg":"invalid appid rid: 5f23d3ee-2ee3455a-640fd4a2"}
2020-07-31 16:18:54.477 [main] DEBUG com.wong.o2oboot.util.wechat.WechatUtil - Access Json: {"errcode":40013,"errmsg":"invalid appid rid: 5f23d3ee-2ee3455a-640fd4a2"}
2020-07-31 16:28:35.672 [main] DEBUG com.wong.o2oboot.util.wechat.WechatUtil - appId:wxd76120c84ce40803
2020-07-31 16:28:35.677 [main] DEBUG com.wong.o2oboot.util.wechat.WechatUtil - secret:274832ede0b9cce3625cf404b99ec668
2020-07-31 16:28:35.677 [main] DEBUG com.wong.o2oboot.util.wechat.WechatUtil - request_url: https://api.weixin.qq.com/cgi-bin/token?grant_type=client_credential&appid=wxd76120c84ce40803&secret=274832ede0b9cce3625cf404b99ec668
2020-07-31 16:28:36.351 [main] DEBUG com.wong.o2oboot.util.wechat.WechatUtil - https buffer:{"errcode":40013,"errmsg":"invalid appid rid: 5f23d634-3d4e5e58-42aec2c4"}
2020-07-31 16:28:36.478 [main] DEBUG com.wong.o2oboot.util.wechat.WechatUtil - Access Json: {"errcode":40013,"errmsg":"invalid appid rid: 5f23d634-3d4e5e58-42aec2c4"}
2020-07-31 16:39:15.549 [main] DEBUG com.wong.o2oboot.util.wechat.WechatUtil - appId:wx0f0cda568e8b283b
2020-07-31 16:39:15.554 [main] DEBUG com.wong.o2oboot.util.wechat.WechatUtil - secret:e09ad7e2bd46df6251c6edfed0e8e35d
2020-07-31 16:39:15.554 [main] DEBUG com.wong.o2oboot.util.wechat.WechatUtil - request_url: https://api.weixin.qq.com/cgi-bin/token?grant_type=client_credential&appid=wx0f0cda568e8b283b&secret=e09ad7e2bd46df6251c6edfed0e8e35d
2020-07-31 16:39:16.055 [main] DEBUG com.wong.o2oboot.util.wechat.WechatUtil - https buffer:{"errcode":40013,"errmsg":"invalid appid rid: 5f23d8b4-3cd088fb-00f80eaf"}
2020-07-31 16:39:16.177 [main] DEBUG com.wong.o2oboot.util.wechat.WechatUtil - Access Json: {"errcode":40013,"errmsg":"invalid appid rid: 5f23d8b4-3cd088fb-00f80eaf"}
2020-07-31 18:37:31.802 [main] DEBUG com.wong.o2oboot.util.wechat.WechatUtil - appId:wxd76120c84ce40803
2020-07-31 18:37:31.808 [main] DEBUG com.wong.o2oboot.util.wechat.WechatUtil - secret:274832ede0b9cce3625cf404b99ec668
2020-07-31 18:37:31.808 [main] DEBUG com.wong.o2oboot.util.wechat.WechatUtil - request_url: https://api.weixin.qq.com/cgi-bin/token?grant_type=client_credential&appid=wxd76120c84ce40803&secret=274832ede0b9cce3625cf404b99ec668
2020-07-31 18:39:08.471 [main] DEBUG com.wong.o2oboot.util.wechat.WechatUtil - appId:wxd76120c84ce40803
2020-07-31 18:39:08.475 [main] DEBUG com.wong.o2oboot.util.wechat.WechatUtil - secret:274832ede0b9cce3625cf404b99ec668
2020-07-31 18:39:08.476 [main] DEBUG com.wong.o2oboot.util.wechat.WechatUtil - request_url: https://api.weixin.qq.com/cgi-bin/token?grant_type=client_credential&appid=wxd76120c84ce40803&secret=274832ede0b9cce3625cf404b99ec668
2020-07-31 18:39:40.057 [main] DEBUG com.wong.o2oboot.util.wechat.WechatUtil - https buffer:{"access_token":"35__1hzwHk-ek8CWhhfFuT6TZms3wdkZivBxLVDdCwJc11uOa1Ja3olFT530WIdJTHmyx1yyp5Hje32ZBMsWIMxruua8sdRmJOgW9SQ2rDVbZQ4rvldZjyElFkh5DBJysNrdV3XEDhhiiP5U1GoBIEbAHAELH","expires_in":7200}
2020-07-31 18:40:01.691 [main] DEBUG com.wong.o2oboot.util.wechat.WechatUtil - Access Json: {"access_token":"35__1hzwHk-ek8CWhhfFuT6TZms3wdkZivBxLVDdCwJc11uOa1Ja3olFT530WIdJTHmyx1yyp5Hje32ZBMsWIMxruua8sdRmJOgW9SQ2rDVbZQ4rvldZjyElFkh5DBJysNrdV3XEDhhiiP5U1GoBIEbAHAELH","expires_in":7200}
2020-07-31 18:41:08.679 [main] DEBUG com.wong.o2oboot.util.wechat.WechatUtil - https buffer:{"errcode":40001,"errmsg":"invalid credential, access_token is invalid or not latest rid: 5f23f53d-7b128293-177637cb"}
2020-07-31 18:41:49.364 [main] DEBUG com.wong.o2oboot.util.wechat.WechatUtil - appId:wxd76120c84ce40803
2020-07-31 18:41:49.366 [main] DEBUG com.wong.o2oboot.util.wechat.WechatUtil - secret:274832ede0b9cce3625cf404b99ec668
2020-07-31 18:41:49.366 [main] DEBUG com.wong.o2oboot.util.wechat.WechatUtil - request_url: https://api.weixin.qq.com/cgi-bin/token?grant_type=client_credential&appid=wxd76120c84ce40803&secret=274832ede0b9cce3625cf404b99ec668
2020-07-31 18:41:49.976 [main] DEBUG com.wong.o2oboot.util.wechat.WechatUtil - https buffer:{"access_token":"35_EkVa3i6f4bcwoDN0K9sRBmQUDY6msIZH825dWo295aKBCEEOGItDeumm0K3OMMD-HaqHnDnLg8rkWDBNyK_cW2hSJaxFdQDirjov2p_WxAwsRWfoqUoOk1QlzNEiTd4X1YyEAM87kvHRNs0UVGVaACAALA","expires_in":7200}
2020-07-31 18:41:50.075 [main] DEBUG com.wong.o2oboot.util.wechat.WechatUtil - Access Json: {"access_token":"35_EkVa3i6f4bcwoDN0K9sRBmQUDY6msIZH825dWo295aKBCEEOGItDeumm0K3OMMD-HaqHnDnLg8rkWDBNyK_cW2hSJaxFdQDirjov2p_WxAwsRWfoqUoOk1QlzNEiTd4X1YyEAM87kvHRNs0UVGVaACAALA","expires_in":7200}
2020-07-31 18:41:50.238 [main] DEBUG com.wong.o2oboot.util.wechat.WechatUtil - https buffer:{"errcode":40001,"errmsg":"invalid credential, access_token is invalid or not latest rid: 5f23f56e-319540fc-328a1e65"}
2020-07-31 18:41:50.238 [main] DEBUG com.wong.o2oboot.util.wechat.WechatUtil - shortURL2LongURL Result: {"errcode":40001,"errmsg":"invalid credential, access_token is invalid or not latest rid: 5f23f56e-319540fc-328a1e65"}
2020-07-31 18:41:50.239 [main] DEBUG com.wong.o2oboot.util.wechat.WechatUtil - shortURL: null
2020-07-31 18:46:43.794 [main] DEBUG com.wong.o2oboot.util.wechat.WechatUtil - appId:wxd76120c84ce40803
2020-07-31 18:46:43.797 [main] DEBUG com.wong.o2oboot.util.wechat.WechatUtil - secret:274832ede0b9cce3625cf404b99ec668
2020-07-31 18:46:43.797 [main] DEBUG com.wong.o2oboot.util.wechat.WechatUtil - request_url: https://api.weixin.qq.com/cgi-bin/token?grant_type=client_credential&appid=wxd76120c84ce40803&secret=274832ede0b9cce3625cf404b99ec668
2020-07-31 18:46:50.393 [main] DEBUG com.wong.o2oboot.util.wechat.WechatUtil - https buffer:{"access_token":"35_d59QKdbm_KZ9dxvCVGVI9X3K__95NhHM3KYm0hmmsIlli7BLmictsnAPRS9Raf7VJ55leM6I0n76arVQ1u0aE6I7iXkOclCH-Y-9Ra-A1hLilElrfFLoihsk5oW7opMyg5ri1AiBMr1K3XjQRLFbABABVP","expires_in":7200}
2020-07-31 18:46:50.519 [main] DEBUG com.wong.o2oboot.util.wechat.WechatUtil - Access Json: {"access_token":"35_d59QKdbm_KZ9dxvCVGVI9X3K__95NhHM3KYm0hmmsIlli7BLmictsnAPRS9Raf7VJ55leM6I0n76arVQ1u0aE6I7iXkOclCH-Y-9Ra-A1hLilElrfFLoihsk5oW7opMyg5ri1AiBMr1K3XjQRLFbABABVP","expires_in":7200}
2020-07-31 18:47:09.370 [main] DEBUG com.wong.o2oboot.util.wechat.WechatUtil - https buffer:{"errcode":0,"errmsg":"ok","short_url":"https:\/\/w.url.cn\/s\/A1iGYmM"}
2020-07-31 18:47:09.371 [main] DEBUG com.wong.o2oboot.util.wechat.WechatUtil - shortURL2LongURL Result: {"errcode":0,"errmsg":"ok","short_url":"https://w.url.cn/s/A1iGYmM"}
2020-07-31 18:47:09.372 [main] DEBUG com.wong.o2oboot.util.wechat.WechatUtil - shortURL: null
2020-07-31 18:51:31.368 [main] DEBUG com.wong.o2oboot.util.wechat.WechatUtil - appId:wxd76120c84ce40803
2020-07-31 18:51:31.372 [main] DEBUG com.wong.o2oboot.util.wechat.WechatUtil - secret:274832ede0b9cce3625cf404b99ec668
2020-07-31 18:51:31.372 [main] DEBUG com.wong.o2oboot.util.wechat.WechatUtil - request_url: https://api.weixin.qq.com/cgi-bin/token?grant_type=client_credential&appid=wxd76120c84ce40803&secret=274832ede0b9cce3625cf404b99ec668
2020-07-31 18:51:32.108 [main] DEBUG com.wong.o2oboot.util.wechat.WechatUtil - https buffer:{"access_token":"35_sWyZ1q_j8TMqYqhm1VY8lIYD_v1ee5VnJ5lu-xFD0qfe3pSoDXMYytZ_1PfeaLrt0LMm7rAxZSJqeo-DLL0Ybwk6bypILPgo701eYnsoxqu76eMrYFUNThkuHX6nBY-A1S9eAooyCoqJHiD-VEZdABAOXS","expires_in":7200}
2020-07-31 18:51:32.200 [main] DEBUG com.wong.o2oboot.util.wechat.WechatUtil - Access Json: {"access_token":"35_sWyZ1q_j8TMqYqhm1VY8lIYD_v1ee5VnJ5lu-xFD0qfe3pSoDXMYytZ_1PfeaLrt0LMm7rAxZSJqeo-DLL0Ybwk6bypILPgo701eYnsoxqu76eMrYFUNThkuHX6nBY-A1S9eAooyCoqJHiD-VEZdABAOXS","expires_in":7200}
2020-07-31 18:51:32.491 [main] DEBUG com.wong.o2oboot.util.wechat.WechatUtil - https buffer:{"errcode":0,"errmsg":"ok","short_url":"https:\/\/w.url.cn\/s\/ARm1mc4"}
2020-07-31 18:51:32.492 [main] DEBUG com.wong.o2oboot.util.wechat.WechatUtil - shortURL2LongURL Result: {"errcode":0,"errmsg":"ok","short_url":"https://w.url.cn/s/ARm1mc4"}
2020-07-31 18:51:32.492 [main] DEBUG com.wong.o2oboot.util.wechat.WechatUtil - shortURL: https://w.url.cn/s/ARm1mc4
2020-07-31 19:20:47.704 [main] DEBUG com.wong.o2oboot.O2obootApplication - Running with Spring Boot v2.1.6.RELEASE, Spring v5.1.8.RELEASE
2020-07-31 19:21:41.649 [http-nio-8080-exec-4] DEBUG c.w.o.dao.LocalAuthDao.queryLocalByNameAndPass - ==>  Preparing: SELECT l.local_auth_id, l.username, l.password, l.create_time, l.last_edit_time, p.user_id, p.name, p.gender, p.email, p.profile_img, p.user_type, p.create_time, p.last_edit_time, p.enable_status FROM tb_local_auth l LEFT JOIN tb_person_info p ON l.user_id = p.user_id WHERE l.username = ? AND l.password = ?
2020-07-31 19:21:41.679 [http-nio-8080-exec-4] DEBUG c.w.o.dao.LocalAuthDao.queryLocalByNameAndPass - ==> Parameters: JackMaYa(String), yesbq55y2205l9sb2ls5ey25l5eq629q(String)
2020-07-31 19:21:41.762 [http-nio-8080-exec-4] DEBUG c.w.o.dao.LocalAuthDao.queryLocalByNameAndPass - <==      Total: 1
2020-07-31 19:21:42.048 [http-nio-8080-exec-6] DEBUG com.wong.o2oboot.dao.ShopDao.queryShopList - ==>  Preparing: select s.shop_id, s.shop_name, s.shop_desc, s.shop_addr, s.phone, s.shop_img, s.priority, s.create_time, s.last_edit_time, s.enable_status, s.advice, a.area_id, a.area_name, sc.shop_category_id, sc.shop_category_name from tb_shop s, tb_area a, tb_shop_category sc WHERE s.owner_id = ? and s.area_id=a.area_id and s.shop_category_id = sc.shop_category_id order by s.priority desc limit ?,?;
2020-07-31 19:21:42.049 [http-nio-8080-exec-6] DEBUG com.wong.o2oboot.dao.ShopDao.queryShopList - ==> Parameters: 2(Long), 0(Integer), 100(Integer)
2020-07-31 19:21:42.124 [http-nio-8080-exec-6] DEBUG com.wong.o2oboot.dao.ShopDao.queryShopList - <==      Total: 8
2020-07-31 19:21:42.351 [http-nio-8080-exec-6] DEBUG com.wong.o2oboot.dao.ShopDao.queryShopCount - ==>  Preparing: select count(1) from tb_shop s, tb_area a, tb_shop_category sc WHERE s.owner_id = ? and s.area_id=a.area_id and s.shop_category_id = sc.shop_category_id
2020-07-31 19:21:42.352 [http-nio-8080-exec-6] DEBUG com.wong.o2oboot.dao.ShopDao.queryShopCount - ==> Parameters: 2(Long)
2020-07-31 19:21:42.383 [http-nio-8080-exec-6] DEBUG com.wong.o2oboot.dao.ShopDao.queryShopCount - <==      Total: 1
2020-07-31 19:21:46.696 [http-nio-8080-exec-3] DEBUG c.w.o.d.S.queryShopAuthMapListByShopId - ==>  Preparing: SELECT smap.shop_auth_id, smap.title, smap.title_flag, smap.create_time, smap.last_edit_time, smap.enable_status, p.user_id, p.name, s.shop_id, s.shop_name FROM tb_shop_auth_map smap, tb_person_info p, tb_shop s WHERE smap.employee_id = p.user_id AND smap.shop_id = s.shop_id AND smap.shop_id = ? LIMIT ?,?;
2020-07-31 19:21:46.697 [http-nio-8080-exec-3] DEBUG c.w.o.d.S.queryShopAuthMapListByShopId - ==> Parameters: 34(Long), 0(Integer), 99(Integer)
2020-07-31 19:21:46.722 [http-nio-8080-exec-3] DEBUG c.w.o.d.S.queryShopAuthMapListByShopId - <==      Total: 2
2020-07-31 19:21:46.723 [http-nio-8080-exec-3] DEBUG c.w.o.d.ShopAuthMapDao.queryShopAuthCountByShopId - ==>  Preparing: SELECT count(1) FROM tb_shop_auth_map smap, tb_person_info p, tb_shop s WHERE smap.employee_id = p.user_id AND smap.shop_id = s.shop_id AND smap.shop_id = ?
2020-07-31 19:21:46.724 [http-nio-8080-exec-3] DEBUG c.w.o.d.ShopAuthMapDao.queryShopAuthCountByShopId - ==> Parameters: 34(Long)
2020-07-31 19:21:46.748 [http-nio-8080-exec-3] DEBUG c.w.o.d.ShopAuthMapDao.queryShopAuthCountByShopId - <==      Total: 1
2020-07-31 19:21:56.796 [http-nio-8080-exec-10] DEBUG com.wong.o2oboot.util.wechat.WechatUtil - appId:wxd76120c84ce40803
2020-07-31 19:21:56.800 [http-nio-8080-exec-10] DEBUG com.wong.o2oboot.util.wechat.WechatUtil - secret:274832ede0b9cce3625cf404b99ec668
2020-07-31 19:21:56.803 [http-nio-8080-exec-10] DEBUG com.wong.o2oboot.util.wechat.WechatUtil - request_url: https://api.weixin.qq.com/cgi-bin/token?grant_type=client_credential&appid=wxd76120c84ce40803&secret=274832ede0b9cce3625cf404b99ec668
2020-07-31 19:22:03.551 [http-nio-8080-exec-10] DEBUG com.wong.o2oboot.util.wechat.WechatUtil - https buffer:{"access_token":"35_SYZBxs4tf-ZYHO7dPup1SHJ_1lGCaA8JL0ATGkZJMigbpPrzKGMDvTo18vTBJdqtqfqaw7-6A6gD-lKnNM-SgXxOMaQpFwEgwhYUPrejHq48F9d7KCnKNfpddk8jAChNbKQKRn05lLNEX3vEXJJhABAOAA","expires_in":7200}
2020-07-31 19:22:04.240 [http-nio-8080-exec-10] DEBUG com.wong.o2oboot.util.wechat.WechatUtil - Access Json: {"access_token":"35_SYZBxs4tf-ZYHO7dPup1SHJ_1lGCaA8JL0ATGkZJMigbpPrzKGMDvTo18vTBJdqtqfqaw7-6A6gD-lKnNM-SgXxOMaQpFwEgwhYUPrejHq48F9d7KCnKNfpddk8jAChNbKQKRn05lLNEX3vEXJJhABAOAA","expires_in":7200}
2020-07-31 19:22:04.899 [http-nio-8080-exec-10] DEBUG com.wong.o2oboot.util.wechat.WechatUtil - https buffer:{"errcode":0,"errmsg":"ok","short_url":"https:\/\/w.url.cn\/s\/Ait5hFJ"}
2020-07-31 19:22:04.901 [http-nio-8080-exec-10] DEBUG com.wong.o2oboot.util.wechat.WechatUtil - shortURL2LongURL Result: {"errcode":0,"errmsg":"ok","short_url":"https://w.url.cn/s/Ait5hFJ"}
2020-07-31 19:22:04.902 [http-nio-8080-exec-10] DEBUG com.wong.o2oboot.util.wechat.WechatUtil - shortURL: https://w.url.cn/s/Ait5hFJ
